<?xml version="1.0" encoding="UTF-8"?>
<!-- Generated by org.testng.reporters.JUnitReportReporter -->
<testsuite hostname="Naga" failures="0" tests="1" name="Flipkart.Login" time="7.364" errors="0" timestamp="2024-01-26T11:43:51 IST" skipped="0">
  <testcase classname="Flipkart.Login" name="sampleProgramme" time="7.364"/>
</testsuite> <!-- Flipkart.Login -->
