<?xml version="1.0" encoding="UTF-8"?>
<!-- Generated by org.testng.reporters.JUnitReportReporter -->
<testsuite hostname="Naga" failures="0" tests="1" name="Maven.Maven.TestCase01" time="5.505" errors="0" timestamp="2024-01-26T15:00:00 IST" skipped="0">
  <testcase classname="Maven.Maven.TestCase01" name="sampleProgramme" time="5.505"/>
</testsuite> <!-- Maven.Maven.TestCase01 -->
