<?xml version="1.0" encoding="UTF-8"?>
<!-- Generated by org.testng.reporters.JUnitReportReporter -->
<testsuite hostname="Naga" failures="0" tests="1" name="Maven.Maven.TC1" time="7.862" errors="0" timestamp="2024-01-25T19:49:57 IST" skipped="0">
  <testcase classname="Maven.Maven.TC1" name="sampleProgramme" time="7.862"/>
</testsuite> <!-- Maven.Maven.TC1 -->
